#
# There is insufficient memory for the Java Runtime Environment to continue.
# Native memory allocation (malloc) failed to allocate 32744 bytes for ChunkPool::allocate
# Possible reasons:
#   The system is out of physical RAM or swap space
#   In 32 bit mode, the process size limit was hit
# Possible solutions:
#   Reduce memory load on the system
#   Increase physical memory or swap space
#   Check if swap backing store is full
#   Use 64 bit Java on a 64 bit OS
#   Decrease Java heap size (-Xmx/-Xms)
#   Decrease number of Java threads
#   Decrease Java thread stack sizes (-Xss)
#   Set larger code cache with -XX:ReservedCodeCacheSize=
# This output file may be truncated or incomplete.
#
#  Out of Memory Error (allocation.cpp:273), pid=239916, tid=0x000000000003a9c0
#
# JRE version: OpenJDK Runtime Environment (8.0_152-b01) (build 1.8.0_152-release-915-b01)
# Java VM: OpenJDK 64-Bit Server VM (25.152-b01 mixed mode windows-amd64 compressed oops)
# Failed to write core dump. Minidumps are not enabled by default on client versions of Windows
#

---------------  T H R E A D  ---------------

Current thread (0x00000000195ff800):  JavaThread "C2 CompilerThread2" daemon [_thread_in_native, id=240064, stack(0x000000001b730000,0x000000001b830000)]

Stack: [0x000000001b730000,0x000000001b830000]
[error occurred during error reporting (printing stack bounds), id 0xc0000005]

Native frames: (J=compiled Java code, j=interpreted, Vv=VM code, C=native code)


Current CompileTask:
C2:30317446 56313       4       sun.security.ssl.SSLAlgorithmDecomposer::decomposes (579 bytes)


---------------  P R O C E S S  ---------------

Java Threads: ( => current thread )
  0x00000000249a4000 JavaThread "Task worker for ':' Thread 19" [_thread_blocked, id=249800, stack(0x000000005b6b0000,0x000000005b7b0000)]
  0x000000002499e000 JavaThread "Task worker for ':' Thread 18" [_thread_blocked, id=249220, stack(0x000000005b5b0000,0x000000005b6b0000)]
  0x000000002499f800 JavaThread "Task worker for ':' Thread 17" [_thread_blocked, id=247460, stack(0x000000005b4b0000,0x000000005b5b0000)]
  0x000000002354e800 JavaThread "Task worker for ':' Thread 16" [_thread_blocked, id=244304, stack(0x000000005b3b0000,0x000000005b4b0000)]
  0x000000002354e000 JavaThread "Task worker for ':' Thread 15" [_thread_blocked, id=249008, stack(0x000000005b2b0000,0x000000005b3b0000)]
  0x0000000023546800 JavaThread "Task worker for ':' Thread 14" [_thread_blocked, id=244884, stack(0x000000005b1b0000,0x000000005b2b0000)]
  0x000000002354d000 JavaThread "Task worker for ':' Thread 13" [_thread_blocked, id=248328, stack(0x000000005b0b0000,0x000000005b1b0000)]
  0x0000000023545800 JavaThread "Task worker for ':' Thread 12" [_thread_blocked, id=247428, stack(0x000000005afb0000,0x000000005b0b0000)]
  0x000000002354c800 JavaThread "Task worker for ':' Thread 11" [_thread_blocked, id=248768, stack(0x000000005aeb0000,0x000000005afb0000)]
  0x0000000023545000 JavaThread "Task worker for ':' Thread 10" [_thread_blocked, id=114204, stack(0x000000005adb0000,0x000000005aeb0000)]
  0x0000000023548000 JavaThread "Task worker for ':' Thread 9" [_thread_blocked, id=247804, stack(0x000000005acb0000,0x000000005adb0000)]
  0x000000002354b800 JavaThread "Task worker for ':' Thread 8" [_thread_blocked, id=247824, stack(0x000000005abb0000,0x000000005acb0000)]
  0x000000002354a000 JavaThread "Task worker for ':' Thread 7" [_thread_blocked, id=245380, stack(0x000000005aab0000,0x000000005abb0000)]
  0x0000000023547000 JavaThread "Task worker for ':' Thread 6" [_thread_blocked, id=249112, stack(0x000000005a9b0000,0x000000005aab0000)]
  0x000000002354b000 JavaThread "Task worker for ':' Thread 5" [_thread_blocked, id=246256, stack(0x000000005a8b0000,0x000000005a9b0000)]
  0x000000002353c800 JavaThread "Task worker for ':' Thread 4" [_thread_blocked, id=246628, stack(0x000000005a7b0000,0x000000005a8b0000)]
  0x0000000023543800 JavaThread "Task worker for ':' Thread 3" [_thread_blocked, id=248356, stack(0x000000005a6b0000,0x000000005a7b0000)]
  0x000000002353d800 JavaThread "Task worker for ':' Thread 2" [_thread_blocked, id=249140, stack(0x000000005a5b0000,0x000000005a6b0000)]
  0x0000000023542800 JavaThread "Task worker for ':'" [_thread_in_native, id=248528, stack(0x000000005a4b0000,0x000000005a5b0000)]
  0x000000002353c000 JavaThread "Cache worker for Build Output Cleanup Cache (D:\WorkSpace\RuiXinApplication\.gradle\buildOutputCleanup)" [_thread_blocked, id=114796, stack(0x000000005a3b0000,0x000000005a4b0000)]
  0x000000002353b000 JavaThread "Cache worker for task history cache (D:\WorkSpace\RuiXinApplication\.gradle\4.4\taskHistory)" [_thread_blocked, id=212232, stack(0x000000005a2b0000,0x000000005a3b0000)]
  0x0000000023542000 JavaThread "Cache worker for file content cache (D:\WorkSpace\RuiXinApplication\.gradle\4.4\fileContent)" [_thread_blocked, id=247476, stack(0x000000005a1b0000,0x000000005a2b0000)]
  0x000000002353a800 JavaThread "build operations Thread 20" [_thread_blocked, id=244888, stack(0x000000005a0b0000,0x000000005a1b0000)]
  0x0000000023541000 JavaThread "build operations Thread 19" [_thread_blocked, id=245032, stack(0x0000000059fb0000,0x000000005a0b0000)]
  0x000000002353e000 JavaThread "build operations Thread 18" [_thread_blocked, id=246608, stack(0x0000000059eb0000,0x0000000059fb0000)]
  0x0000000023539800 JavaThread "build operations Thread 17" [_thread_blocked, id=248136, stack(0x0000000059db0000,0x0000000059eb0000)]
  0x0000000023540800 JavaThread "build operations Thread 16" [_thread_blocked, id=232240, stack(0x0000000059cb0000,0x0000000059db0000)]
  0x000000002353f000 JavaThread "build operations Thread 15" [_thread_blocked, id=247064, stack(0x0000000059bb0000,0x0000000059cb0000)]
  0x0000000023531000 JavaThread "build operations Thread 14" [_thread_blocked, id=247180, stack(0x0000000059ab0000,0x0000000059bb0000)]
  0x0000000023535000 JavaThread "build operations Thread 13" [_thread_blocked, id=248164, stack(0x0000000059010000,0x0000000059110000)]
  0x0000000023538000 JavaThread "build operations Thread 12" [_thread_blocked, id=245872, stack(0x0000000058f10000,0x0000000059010000)]
  0x0000000023530800 JavaThread "build operations Thread 11" [_thread_blocked, id=242436, stack(0x0000000058e10000,0x0000000058f10000)]
  0x0000000023537800 JavaThread "build operations Thread 10" [_thread_blocked, id=247544, stack(0x0000000058d10000,0x0000000058e10000)]
  0x0000000023534000 JavaThread "build operations Thread 9" [_thread_blocked, id=113548, stack(0x0000000058c10000,0x0000000058d10000)]
  0x0000000023533800 JavaThread "build operations Thread 8" [_thread_blocked, id=242056, stack(0x0000000058b10000,0x0000000058c10000)]
  0x0000000023532800 JavaThread "build operations Thread 7" [_thread_blocked, id=247996, stack(0x0000000058a10000,0x0000000058b10000)]
  0x0000000023532000 JavaThread "build operations Thread 6" [_thread_blocked, id=241388, stack(0x0000000058910000,0x0000000058a10000)]
  0x000000002352f800 JavaThread "build operations Thread 5" [_thread_blocked, id=246124, stack(0x0000000058810000,0x0000000058910000)]
  0x000000002ab5e800 JavaThread "build operations Thread 4" [_thread_blocked, id=249620, stack(0x0000000058710000,0x0000000058810000)]
  0x000000002ab5d800 JavaThread "build operations Thread 3" [_thread_blocked, id=238656, stack(0x0000000058610000,0x0000000058710000)]
  0x000000002ab5d000 JavaThread "build operations Thread 2" [_thread_blocked, id=242664, stack(0x0000000058510000,0x0000000058610000)]
  0x000000002ab54800 JavaThread "build operations" [_thread_blocked, id=239776, stack(0x0000000058410000,0x0000000058510000)]
  0x000000002ab5b800 JavaThread "Cache worker for Artifact transforms cache (C:\Users\windows10\.gradle\caches\transforms-1)" [_thread_blocked, id=227588, stack(0x0000000058310000,0x0000000058410000)]
  0x000000002ab54000 JavaThread "Cache worker for file hash cache (D:\WorkSpace\RuiXinApplication\.gradle\4.4\fileHashes)" [_thread_blocked, id=244732, stack(0x0000000058210000,0x0000000058310000)]
  0x000000002ab53000 JavaThread "Stdin handler" [_thread_blocked, id=248352, stack(0x0000000058110000,0x0000000058210000)]
  0x000000002ab5a000 JavaThread "Asynchronous log dispatcher for DefaultDaemonConnection: socket connection from /127.0.0.1:54335 to /127.0.0.1:53456" [_thread_blocked, id=248484, stack(0x0000000058010000,0x0000000058110000)]
  0x000000002ab59000 JavaThread "Daemon worker Thread 43" [_thread_blocked, id=240080, stack(0x0000000057f10000,0x0000000058010000)]
  0x000000002ab55800 JavaThread "Cancel handler" [_thread_blocked, id=246128, stack(0x0000000057e10000,0x0000000057f10000)]
  0x000000002ab51800 JavaThread "Handler for socket connection from /127.0.0.1:54335 to /127.0.0.1:53456" [_thread_in_native, id=249428, stack(0x0000000057d10000,0x0000000057e10000)]
  0x000000002ab4f800 JavaThread "Daemon Thread 43" [_thread_blocked, id=175776, stack(0x0000000057c10000,0x0000000057d10000)]
  0x000000002d8c9800 JavaThread "pool-4-thread-4" [_thread_blocked, id=237400, stack(0x0000000050110000,0x0000000050210000)]
  0x000000002079c800 JavaThread "pool-4-thread-3" [_thread_blocked, id=242396, stack(0x000000004fb10000,0x000000004fc10000)]
  0x0000000028f17800 JavaThread "pool-4-thread-2" [_thread_blocked, id=237984, stack(0x000000003b410000,0x000000003b510000)]
  0x000000002887e000 JavaThread "pool-4-thread-1" [_thread_blocked, id=241384, stack(0x000000003ae10000,0x000000003af10000)]
  0x0000000022dd3800 JavaThread "Memory manager" [_thread_blocked, id=240480, stack(0x0000000027a20000,0x0000000027b20000)]
  0x000000001d7fd800 JavaThread "File lock request listener" [_thread_in_native, id=240044, stack(0x000000001ebb0000,0x000000001ecb0000)]
  0x000000001d70b800 JavaThread "Cache worker for file hash cache (C:\Users\windows10\.gradle\caches\4.4\fileHashes)" [_thread_blocked, id=240324, stack(0x000000001eab0000,0x000000001ebb0000)]
  0x000000001d7b8800 JavaThread "Daemon periodic checks" [_thread_blocked, id=240232, stack(0x000000001dfb0000,0x000000001e0b0000)]
  0x000000001d55e000 JavaThread "Incoming local TCP Connector on port 54335" [_thread_in_native, id=239992, stack(0x000000001de00000,0x000000001df00000)]
  0x00000000196ed800 JavaThread "Service Thread" daemon [_thread_blocked, id=240128, stack(0x000000001c230000,0x000000001c330000)]
  0x0000000019682000 JavaThread "C1 CompilerThread11" daemon [_thread_blocked, id=240132, stack(0x000000001c130000,0x000000001c230000)]
  0x0000000019681800 JavaThread "C1 CompilerThread10" daemon [_thread_blocked, id=240108, stack(0x000000001c030000,0x000000001c130000)]
  0x000000001963f800 JavaThread "C1 CompilerThread9" daemon [_thread_blocked, id=240048, stack(0x000000001bf30000,0x000000001c030000)]
  0x0000000019616000 JavaThread "C1 CompilerThread8" daemon [_thread_blocked, id=234876, stack(0x000000001be30000,0x000000001bf30000)]
  0x0000000019612800 JavaThread "C2 CompilerThread7" daemon [_thread_in_native, id=239796, stack(0x000000001bd30000,0x000000001be30000)]
  0x0000000019611000 JavaThread "C2 CompilerThread6" daemon [_thread_blocked, id=240116, stack(0x000000001bb30000,0x000000001bc30000)]
  0x000000001960d800 JavaThread "C2 CompilerThread5" daemon [_thread_in_native, id=239968, stack(0x000000001ba30000,0x000000001bb30000)]
  0x0000000019604800 JavaThread "C2 CompilerThread4" daemon [_thread_blocked, id=239764, stack(0x000000001b930000,0x000000001ba30000)]
  0x0000000019604000 JavaThread "C2 CompilerThread3" daemon [_thread_blocked, id=240068, stack(0x000000001b830000,0x000000001b930000)]
=>0x00000000195ff800 JavaThread "C2 CompilerThread2" daemon [_thread_in_native, id=240064, stack(0x000000001b730000,0x000000001b830000)]
  0x00000000195fe800 JavaThread "C2 CompilerThread1" daemon [_thread_blocked, id=240028, stack(0x000000001b630000,0x000000001b730000)]
  0x00000000195f0000 JavaThread "C2 CompilerThread0" daemon [_thread_blocked, id=240104, stack(0x000000001b530000,0x000000001b630000)]
  0x00000000195ee000 JavaThread "Attach Listener" daemon [_thread_blocked, id=240164, stack(0x000000001b430000,0x000000001b530000)]
  0x000000001959c000 JavaThread "Signal Dispatcher" daemon [_thread_blocked, id=240060, stack(0x000000001b330000,0x000000001b430000)]
  0x0000000019578800 JavaThread "Finalizer" daemon [_thread_blocked, id=239824, stack(0x000000001b1d0000,0x000000001b2d0000)]
  0x0000000017872000 JavaThread "Reference Handler" daemon [_thread_blocked, id=239860, stack(0x000000001b0d0000,0x000000001b1d0000)]
  0x00000000013ee000 JavaThread "main" [_thread_blocked, id=238588, stack(0x00000000031b0000,0x00000000032b0000)]

Other Threads:
  0x0000000019555800 VMThread [stack: 0x000000001afd0000,0x000000001b0d0000] [id=239756]
  0x00000000196ee800 WatcherThread [stack: 0x000000001c330000,0x000000001c430000] [id=240112]

VM state:not at safepoint (normal execution)

VM Mutex/Monitor currently owned by a thread: None

Heap:
 PSYoungGen      total 446464K, used 367565K [0x00000000e0000000, 0x00000000ffe80000, 0x0000000100000000)
  eden space 372224K, 98% used [0x00000000e0000000,0x00000000f668b7c0,0x00000000f6b80000)
  from space 74240K, 0% used [0x00000000fb600000,0x00000000fb668000,0x00000000ffe80000)
  to   space 75264K, 0% used [0x00000000f6b80000,0x00000000f6b80000,0x00000000fb500000)
 ParOldGen       total 1048576K, used 695951K [0x00000000a0000000, 0x00000000e0000000, 0x00000000e0000000)
  object space 1048576K, 66% used [0x00000000a0000000,0x00000000ca7a3f80,0x00000000e0000000)
 Metaspace       used 130150K, capacity 143312K, committed 147584K, reserved 1177600K
  class space    used 15389K, capacity 18767K, committed 19328K, reserved 1048576K

Card table byte_map: [0x0000000012770000,0x0000000012a80000] byte_map_base: 0x0000000012270000

Marking Bits: (ParMarkBitMap*) 0x0000000059a33950
 Begin Bits: [0x0000000013b80000, 0x0000000015380000)
 End Bits:   [0x0000000015380000, 0x0000000016b80000)

Polling page: 0x00000000009b0000

CodeCache: size=245760Kb used=151786Kb max_used=155439Kb free=93973Kb
 bounds [0x00000000033b0000, 0x000000000cca0000, 0x00000000123b0000]
 total_blobs=35585 nmethods=34624 adapters=865
 compilation: enabled

Compilation events (10 events):
Event: 30309.247 Thread 0x0000000019681800 nmethod 56310 0x0000000007d92850 code [0x0000000007d929e0, 0x0000000007d92dc8]
Event: 30309.249 Thread 0x000000001963f800 nmethod 56306 0x00000000061618d0 code [0x0000000006161b20, 0x0000000006162ad8]
Event: 30309.249 Thread 0x0000000019616000 nmethod 56308 0x0000000003d38510 code [0x0000000003d387e0, 0x0000000003d39a68]
Event: 30309.302 Thread 0x0000000019604800 56311       4       sun.security.ssl.CipherSuite::valueOf (67 bytes)
Event: 30309.302 Thread 0x0000000019612800 56312       4       sun.security.ssl.SSLAlgorithmDecomposer::decompose (74 bytes)
Event: 30309.302 Thread 0x00000000195ff800 56313       4       sun.security.ssl.SSLAlgorithmDecomposer::decomposes (579 bytes)
Event: 30309.316 Thread 0x00000000195fe800 nmethod 56290 0x000000000c55d990 code [0x000000000c55dd80, 0x000000000c560180]
Event: 30309.319 Thread 0x0000000019604800 nmethod 56311 0x000000000748c350 code [0x000000000748c4e0, 0x000000000748cd68]
Event: 30309.386 Thread 0x0000000019682000 56314       3       sun.security.util.DisabledAlgorithmConstraints::checkConstraints (64 bytes)
Event: 30309.387 Thread 0x0000000019682000 nmethod 56314 0x00000000080c14d0 code [0x00000000080c16a0, 0x00000000080c1e48]

GC Heap History (10 events):
Event: 29024.973 GC heap before
{Heap before GC invocations=391 (full 17):
 PSYoungGen      total 435200K, used 434387K [0x00000000e0000000, 0x0000000100000000, 0x0000000100000000)
  eden space 376832K, 99% used [0x00000000e0000000,0x00000000f6f65a68,0x00000000f7000000)
  from space 58368K, 99% used [0x00000000f7000000,0x00000000fa8cf340,0x00000000fa900000)
  to   space 79872K, 0% used [0x00000000fb200000,0x00000000fb200000,0x0000000100000000)
 ParOldGen       total 1048576K, used 623035K [0x00000000a0000000, 0x00000000e0000000, 0x00000000e0000000)
  object space 1048576K, 59% used [0x00000000a0000000,0x00000000c606ecc8,0x00000000e0000000)
 Metaspace       used 130091K, capacity 143192K, committed 147584K, reserved 1177600K
  class space    used 15378K, capacity 18727K, committed 19328K, reserved 1048576K
Event: 29025.009 GC heap after
Heap after GC invocations=391 (full 17):
 PSYoungGen      total 442368K, used 45797K [0x00000000e0000000, 0x0000000100000000, 0x0000000100000000)
  eden space 362496K, 0% used [0x00000000e0000000,0x00000000e0000000,0x00000000f6200000)
  from space 79872K, 57% used [0x00000000fb200000,0x00000000fdeb9690,0x0000000100000000)
  to   space 80896K, 0% used [0x00000000f6200000,0x00000000f6200000,0x00000000fb100000)
 ParOldGen       total 1048576K, used 649267K [0x00000000a0000000, 0x00000000e0000000, 0x00000000e0000000)
  object space 1048576K, 61% used [0x00000000a0000000,0x00000000c7a0ccc8,0x00000000e0000000)
 Metaspace       used 130091K, capacity 143192K, committed 147584K, reserved 1177600K
  class space    used 15378K, capacity 18727K, committed 19328K, reserved 1048576K
}
Event: 29025.861 GC heap before
{Heap before GC invocations=392 (full 17):
 PSYoungGen      total 442368K, used 408293K [0x00000000e0000000, 0x0000000100000000, 0x0000000100000000)
  eden space 362496K, 100% used [0x00000000e0000000,0x00000000f6200000,0x00000000f6200000)
  from space 79872K, 57% used [0x00000000fb200000,0x00000000fdeb9690,0x0000000100000000)
  to   space 80896K, 0% used [0x00000000f6200000,0x00000000f6200000,0x00000000fb100000)
 ParOldGen       total 1048576K, used 649267K [0x00000000a0000000, 0x00000000e0000000, 0x00000000e0000000)
  object space 1048576K, 61% used [0x00000000a0000000,0x00000000c7a0ccc8,0x00000000e0000000)
 Metaspace       used 130093K, capacity 143192K, committed 147584K, reserved 1177600K
  class space    used 15378K, capacity 18727K, committed 19328K, reserved 1048576K
Event: 29025.881 GC heap after
Heap after GC invocations=392 (full 17):
 PSYoungGen      total 443392K, used 1301K [0x00000000e0000000, 0x0000000100000000, 0x0000000100000000)
  eden space 362496K, 0% used [0x00000000e0000000,0x00000000e0000000,0x00000000f6200000)
  from space 80896K, 1% used [0x00000000f6200000,0x00000000f6345608,0x00000000fb100000)
  to   space 80896K, 0% used [0x00000000fb100000,0x00000000fb100000,0x0000000100000000)
 ParOldGen       total 1048576K, used 690336K [0x00000000a0000000, 0x00000000e0000000, 0x00000000e0000000)
  object space 1048576K, 65% used [0x00000000a0000000,0x00000000ca228330,0x00000000e0000000)
 Metaspace       used 130093K, capacity 143192K, committed 147584K, reserved 1177600K
  class space    used 15378K, capacity 18727K, committed 19328K, reserved 1048576K
}
Event: 29028.661 GC heap before
{Heap before GC invocations=393 (full 17):
 PSYoungGen      total 443392K, used 363520K [0x00000000e0000000, 0x0000000100000000, 0x0000000100000000)
  eden space 362496K, 99% used [0x00000000e0000000,0x00000000f61bad38,0x00000000f6200000)
  from space 80896K, 1% used [0x00000000f6200000,0x00000000f6345608,0x00000000fb100000)
  to   space 80896K, 0% used [0x00000000fb100000,0x00000000fb100000,0x0000000100000000)
 ParOldGen       total 1048576K, used 690336K [0x00000000a0000000, 0x00000000e0000000, 0x00000000e0000000)
  object space 1048576K, 65% used [0x00000000a0000000,0x00000000ca228330,0x00000000e0000000)
 Metaspace       used 130093K, capacity 143192K, committed 147584K, reserved 1177600K
  class space    used 15378K, capacity 18727K, committed 19328K, reserved 1048576K
Event: 29028.673 GC heap after
Heap after GC invocations=393 (full 17):
 PSYoungGen      total 434176K, used 26917K [0x00000000e0000000, 0x00000000ff700000, 0x0000000100000000)
  eden space 362496K, 0% used [0x00000000e0000000,0x00000000e0000000,0x00000000f6200000)
  from space 71680K, 37% used [0x00000000fb100000,0x00000000fcb49678,0x00000000ff700000)
  to   space 76288K, 0% used [0x00000000f6200000,0x00000000f6200000,0x00000000fac80000)
 ParOldGen       total 1048576K, used 690520K [0x00000000a0000000, 0x00000000e0000000, 0x00000000e0000000)
  object space 1048576K, 65% used [0x00000000a0000000,0x00000000ca256330,0x00000000e0000000)
 Metaspace       used 130093K, capacity 143192K, committed 147584K, reserved 1177600K
  class space    used 15378K, capacity 18727K, committed 19328K, reserved 1048576K
}
Event: 29028.750 GC heap before
{Heap before GC invocations=394 (full 17):
 PSYoungGen      total 434176K, used 388828K [0x00000000e0000000, 0x00000000ff700000, 0x0000000100000000)
  eden space 362496K, 99% used [0x00000000e0000000,0x00000000f616dbb0,0x00000000f6200000)
  from space 71680K, 37% used [0x00000000fb100000,0x00000000fcb49678,0x00000000ff700000)
  to   space 76288K, 0% used [0x00000000f6200000,0x00000000f6200000,0x00000000fac80000)
 ParOldGen       total 1048576K, used 690520K [0x00000000a0000000, 0x00000000e0000000, 0x00000000e0000000)
  object space 1048576K, 65% used [0x00000000a0000000,0x00000000ca256330,0x00000000e0000000)
 Metaspace       used 130093K, capacity 143192K, committed 147584K, reserved 1177600K
  class space    used 15378K, capacity 18727K, committed 19328K, reserved 1048576K
Event: 29028.756 GC heap after
Heap after GC invocations=394 (full 17):
 PSYoungGen      total 438784K, used 416K [0x00000000e0000000, 0x0000000100000000, 0x0000000100000000)
  eden space 362496K, 0% used [0x00000000e0000000,0x00000000e0000000,0x00000000f6200000)
  from space 76288K, 0% used [0x00000000f6200000,0x00000000f6268000,0x00000000fac80000)
  to   space 75776K, 0% used [0x00000000fb600000,0x00000000fb600000,0x0000000100000000)
 ParOldGen       total 1048576K, used 695855K [0x00000000a0000000, 0x00000000e0000000, 0x00000000e0000000)
  object space 1048576K, 66% used [0x00000000a0000000,0x00000000ca78bf80,0x00000000e0000000)
 Metaspace       used 130093K, capacity 143192K, committed 147584K, reserved 1177600K
  class space    used 15378K, capacity 18727K, committed 19328K, reserved 1048576K
}
Event: 29028.818 GC heap before
{Heap before GC invocations=395 (full 17):
 PSYoungGen      total 438784K, used 362912K [0x00000000e0000000, 0x0000000100000000, 0x0000000100000000)
  eden space 362496K, 100% used [0x00000000e0000000,0x00000000f6200000,0x00000000f6200000)
  from space 76288K, 0% used [0x00000000f6200000,0x00000000f6268000,0x00000000fac80000)
  to   space 75776K, 0% used [0x00000000fb600000,0x00000000fb600000,0x0000000100000000)
 ParOldGen       total 1048576K, used 695855K [0x00000000a0000000, 0x00000000e0000000, 0x00000000e0000000)
  object space 1048576K, 66% used [0x00000000a0000000,0x00000000ca78bf80,0x00000000e0000000)
 Metaspace       used 130093K, capacity 143192K, committed 147584K, reserved 1177600K
  class space    used 15378K, capacity 18727K, committed 19328K, reserved 1048576K
Event: 29028.823 GC heap after
Heap after GC invocations=395 (full 17):
 PSYoungGen      total 446464K, used 416K [0x00000000e0000000, 0x00000000ffe80000, 0x0000000100000000)
  eden space 372224K, 0% used [0x00000000e0000000,0x00000000e0000000,0x00000000f6b80000)
  from space 74240K, 0% used [0x00000000fb600000,0x00000000fb668000,0x00000000ffe80000)
  to   space 75264K, 0% used [0x00000000f6b80000,0x00000000f6b80000,0x00000000fb500000)
 ParOldGen       total 1048576K, used 695951K [0x00000000a0000000, 0x00000000e0000000, 0x00000000e0000000)
  object space 1048576K, 66% used [0x00000000a0000000,0x00000000ca7a3f80,0x00000000e0000000)
 Metaspace       used 130093K, capacity 143192K, committed 147584K, reserved 1177600K
  class space    used 15378K, capacity 18727K, committed 19328K, reserved 1048576K
}

Deoptimization events (10 events):
Event: 29022.835 Thread 0x0000000023545000 Uncommon trap: reason=class_check action=maybe_recompile pc=0x000000000bcb0f90 method=com.google.common.collect.AbstractListMultimap.get(Ljava/lang/Object;)Ljava/util/Collection; @ 2
Event: 29022.835 Thread 0x0000000023545000 Uncommon trap: reason=class_check action=maybe_recompile pc=0x000000000bf6c90c method=com.google.common.collect.AbstractMapBasedMultimap$KeySet$1.hasNext()Z @ 4
Event: 29022.835 Thread 0x0000000023545000 Uncommon trap: reason=class_check action=maybe_recompile pc=0x000000000c004688 method=com.google.common.collect.AbstractMapBasedMultimap$KeySet$1.next()Ljava/lang/Object; @ 5
Event: 29022.835 Thread 0x0000000023545000 Uncommon trap: reason=class_check action=maybe_recompile pc=0x000000000bcb0f90 method=com.google.common.collect.AbstractListMultimap.get(Ljava/lang/Object;)Ljava/util/Collection; @ 2
Event: 29022.836 Thread 0x0000000023545000 Uncommon trap: reason=class_check action=maybe_recompile pc=0x000000000bf6c90c method=com.google.common.collect.AbstractMapBasedMultimap$KeySet$1.hasNext()Z @ 4
Event: 29022.836 Thread 0x0000000023545000 Uncommon trap: reason=class_check action=maybe_recompile pc=0x000000000c004688 method=com.google.common.collect.AbstractMapBasedMultimap$KeySet$1.next()Ljava/lang/Object; @ 5
Event: 29022.836 Thread 0x0000000023545000 Uncommon trap: reason=class_check action=maybe_recompile pc=0x000000000bf6c90c method=com.google.common.collect.AbstractMapBasedMultimap$KeySet$1.hasNext()Z @ 4
Event: 29022.836 Thread 0x0000000023545000 Uncommon trap: reason=class_check action=maybe_recompile pc=0x000000000c004688 method=com.google.common.collect.AbstractMapBasedMultimap$KeySet$1.next()Ljava/lang/Object; @ 5
Event: 29025.860 Thread 0x0000000023545000 Uncommon trap: reason=class_check action=maybe_recompile pc=0x00000000057d38e0 method=org.gradle.api.internal.changedetection.state.OrderInsensitiveTaskFilePropertyCompareStrategy$2.computeNext()Lorg/gradle/api/internal/changedetection/rules/TaskStateChan
Event: 29029.134 Thread 0x000000002353e000 Uncommon trap: reason=bimorphic action=maybe_recompile pc=0x000000000a10d180 method=org.gradle.api.internal.changedetection.state.SnapshotMapSerializer.write(Lorg/gradle/internal/serialize/Encoder;Ljava/util/Map;)V @ 2

Classes redefined (0 events):
No events

Internal exceptions (10 events):
Event: 28993.026 Thread 0x000000002d8d0000 Exception <a 'sun/nio/fs/WindowsException'> (0x00000000ea56cc30) thrown at [D:\src\AOSP-openjdk-cygwin\jdk8u\hotspot\src\share\vm\prims\jni.cpp, line 709]
Event: 28993.026 Thread 0x000000002d8d0000 Exception <a 'sun/nio/fs/WindowsException'> (0x00000000ea56da68) thrown at [D:\src\AOSP-openjdk-cygwin\jdk8u\hotspot\src\share\vm\prims\jni.cpp, line 709]
Event: 28993.026 Thread 0x000000002d8d0000 Exception <a 'sun/nio/fs/WindowsException'> (0x00000000ea56fcb0) thrown at [D:\src\AOSP-openjdk-cygwin\jdk8u\hotspot\src\share\vm\prims\jni.cpp, line 709]
Event: 28993.026 Thread 0x000000002d8d0000 Exception <a 'sun/nio/fs/WindowsException'> (0x00000000ea570b20) thrown at [D:\src\AOSP-openjdk-cygwin\jdk8u\hotspot\src\share\vm\prims\jni.cpp, line 709]
Event: 28994.005 Thread 0x0000000023545000 Implicit null exception at 0x000000000c30a3cc to 0x000000000c30a5d5
Event: 28996.537 Thread 0x0000000023545000 Exception <a 'sun/nio/fs/WindowsException'> (0x00000000e4a69568) thrown at [D:\src\AOSP-openjdk-cygwin\jdk8u\hotspot\src\share\vm\prims\jni.cpp, line 709]
Event: 28996.538 Thread 0x0000000023545000 Exception <a 'sun/nio/fs/WindowsException'> (0x00000000e4a6a828) thrown at [D:\src\AOSP-openjdk-cygwin\jdk8u\hotspot\src\share\vm\prims\jni.cpp, line 709]
Event: 29029.160 Thread 0x000000002d8d0000 Exception <a 'sun/nio/fs/WindowsException'> (0x00000000eef0cce0) thrown at [D:\src\AOSP-openjdk-cygwin\jdk8u\hotspot\src\share\vm\prims\jni.cpp, line 709]
Event: 30308.746 Thread 0x000000002ab59000 Exception <a 'java/lang/ClassNotFoundException': sync_local_repo732_83gu3rd8g3g07hxue5wvmqszbBeanInfo> (0x00000000efeb3680) thrown at [D:\src\AOSP-openjdk-cygwin\jdk8u\hotspot\src\share\vm\classfile\systemDictionary.cpp, line 210]
Event: 30308.747 Thread 0x000000002ab59000 Exception <a 'java/lang/ClassNotFoundException': sync_local_repo732_83gu3rd8g3g07hxue5wvmqszbCustomizer> (0x00000000efebea30) thrown at [D:\src\AOSP-openjdk-cygwin\jdk8u\hotspot\src\share\vm\classfile\systemDictionary.cpp, line 210]

Events (10 events):
Event: 30309.244 Executing VM operation: RevokeBias
Event: 30309.245 Executing VM operation: RevokeBias done
Event: 30309.246 Executing VM operation: RevokeBias
Event: 30309.246 Executing VM operation: RevokeBias done
Event: 30309.246 Executing VM operation: RevokeBias
Event: 30309.246 Executing VM operation: RevokeBias done
Event: 30309.246 Executing VM operation: RevokeBias
Event: 30309.246 Executing VM operation: RevokeBias done
Event: 30309.254 Executing VM operation: RevokeBias
Event: 30309.254 Executing VM operation: RevokeBias done


Dynamic libraries:
0x00007ff6840f0000 - 0x00007ff684121000 	D:\Android\Android Studio\jre\bin\java.exe
0x00007fffbb110000 - 0x00007fffbb2f1000 	C:\WINDOWS\SYSTEM32\ntdll.dll
0x00007fffb88d0000 - 0x00007fffb8982000 	C:\WINDOWS\System32\KERNEL32.DLL
0x00007fffb76d0000 - 0x00007fffb7943000 	C:\WINDOWS\System32\KERNELBASE.dll
0x00007fffba8c0000 - 0x00007fffba961000 	C:\WINDOWS\System32\ADVAPI32.dll
0x00007fffbb040000 - 0x00007fffbb0de000 	C:\WINDOWS\System32\msvcrt.dll
0x00007fffb8b20000 - 0x00007fffb8b7b000 	C:\WINDOWS\System32\sechost.dll
0x00007fffb91e0000 - 0x00007fffb9304000 	C:\WINDOWS\System32\RPCRT4.dll
0x00007fffb8fb0000 - 0x00007fffb9140000 	C:\WINDOWS\System32\USER32.dll
0x00007fffb7a00000 - 0x00007fffb7a20000 	C:\WINDOWS\System32\win32u.dll
0x00007fffb9140000 - 0x00007fffb9168000 	C:\WINDOWS\System32\GDI32.dll
0x00007fffb8130000 - 0x00007fffb82c2000 	C:\WINDOWS\System32\gdi32full.dll
0x00007fffb74e0000 - 0x00007fffb757f000 	C:\WINDOWS\System32\msvcp_win.dll
0x00007fffb75d0000 - 0x00007fffb76ca000 	C:\WINDOWS\System32\ucrtbase.dll
0x00007fffb0930000 - 0x00007fffb0b99000 	C:\WINDOWS\WinSxS\amd64_microsoft.windows.common-controls_6595b64144ccf1df_6.0.17134.345_none_fb429a5930656358\COMCTL32.dll
0x00007fffb85a0000 - 0x00007fffb88c3000 	C:\WINDOWS\System32\combase.dll
0x00007fffb8520000 - 0x00007fffb859a000 	C:\WINDOWS\System32\bcryptPrimitives.dll
0x00007fffbaf40000 - 0x00007fffbaf6d000 	C:\WINDOWS\System32\IMM32.DLL
0x0000000059190000 - 0x0000000059262000 	D:\Android\Android Studio\jre\jre\bin\msvcr100.dll
0x0000000059270000 - 0x0000000059aae000 	D:\Android\Android Studio\jre\jre\bin\server\jvm.dll
0x00007fffb9170000 - 0x00007fffb9178000 	C:\WINDOWS\System32\PSAPI.DLL
0x00007fffb6040000 - 0x00007fffb604a000 	C:\WINDOWS\SYSTEM32\VERSION.dll
0x00007fffb54f0000 - 0x00007fffb5513000 	C:\WINDOWS\SYSTEM32\WINMM.dll
0x00007fffb1f20000 - 0x00007fffb1f29000 	C:\WINDOWS\SYSTEM32\WSOCK32.dll
0x00007fffb8b80000 - 0x00007fffb8bec000 	C:\WINDOWS\System32\WS2_32.dll
0x00007fffb53d0000 - 0x00007fffb53fa000 	C:\WINDOWS\SYSTEM32\WINMMBASE.dll
0x00007fffb7580000 - 0x00007fffb75c9000 	C:\WINDOWS\System32\cfgmgr32.dll
0x00007fffb19d0000 - 0x00007fffb19df000 	D:\Android\Android Studio\jre\jre\bin\verify.dll
0x00007fffa55c0000 - 0x00007fffa55e9000 	D:\Android\Android Studio\jre\jre\bin\java.dll
0x00007fffb1200000 - 0x00007fffb1216000 	D:\Android\Android Studio\jre\jre\bin\zip.dll
0x00007fffb9470000 - 0x00007fffba8af000 	C:\WINDOWS\System32\SHELL32.dll
0x00007fffb8bf0000 - 0x00007fffb8c99000 	C:\WINDOWS\System32\shcore.dll
0x00007fffb7a20000 - 0x00007fffb812d000 	C:\WINDOWS\System32\windows.storage.dll
0x00007fffbaf80000 - 0x00007fffbafd1000 	C:\WINDOWS\System32\shlwapi.dll
0x00007fffb74c0000 - 0x00007fffb74d1000 	C:\WINDOWS\System32\kernel.appcore.dll
0x00007fffb7470000 - 0x00007fffb748f000 	C:\WINDOWS\System32\profapi.dll
0x00007fffb7420000 - 0x00007fffb746c000 	C:\WINDOWS\System32\powrprof.dll
0x00007fffb7490000 - 0x00007fffb749a000 	C:\WINDOWS\System32\FLTLIB.DLL
0x00007fffb0590000 - 0x00007fffb05aa000 	D:\Android\Android Studio\jre\jre\bin\net.dll
0x00007fffb6c80000 - 0x00007fffb6ce6000 	C:\WINDOWS\system32\mswsock.dll
0x00007fffb0240000 - 0x00007fffb0251000 	D:\Android\Android Studio\jre\jre\bin\nio.dll
0x00007fffae490000 - 0x00007fffae4ae000 	C:\Users\windows10\.gradle\native\25\windows-amd64\native-platform.dll
0x00007fffb0fb0000 - 0x00007fffb0fbd000 	D:\Android\Android Studio\jre\jre\bin\management.dll
0x00007fffb6e30000 - 0x00007fffb6e47000 	C:\WINDOWS\SYSTEM32\CRYPTSP.dll
0x00007fffb6860000 - 0x00007fffb6893000 	C:\WINDOWS\system32\rsaenh.dll
0x00007fffb6f60000 - 0x00007fffb6f85000 	C:\WINDOWS\SYSTEM32\bcrypt.dll
0x00007fffb7350000 - 0x00007fffb7378000 	C:\WINDOWS\SYSTEM32\USERENV.dll
0x00007fffb6e50000 - 0x00007fffb6e5b000 	C:\WINDOWS\SYSTEM32\CRYPTBASE.dll
0x00007fffb6a00000 - 0x00007fffb6a38000 	C:\WINDOWS\SYSTEM32\IPHLPAPI.DLL
0x00007fffbaf70000 - 0x00007fffbaf78000 	C:\WINDOWS\System32\NSI.dll
0x00007fffb0710000 - 0x00007fffb0726000 	C:\WINDOWS\SYSTEM32\dhcpcsvc6.DLL
0x00007fffb0750000 - 0x00007fffb076a000 	C:\WINDOWS\SYSTEM32\dhcpcsvc.DLL
0x00007fffa4b30000 - 0x00007fffa4b54000 	D:\Android\Android Studio\jre\jre\bin\sunec.dll
0x00007fffb6a40000 - 0x00007fffb6afe000 	C:\WINDOWS\SYSTEM32\DNSAPI.dll
0x00007fffa8990000 - 0x00007fffa899a000 	C:\Windows\System32\rasadhlp.dll
0x00007fffa8a90000 - 0x00007fffa8b02000 	C:\WINDOWS\System32\fwpuclnt.dll
0x00007fffaed70000 - 0x00007fffaed7b000 	D:\Android\Android Studio\jre\jre\bin\sunmscapi.dll
0x00007fffb8330000 - 0x00007fffb8512000 	C:\WINDOWS\System32\CRYPT32.dll
0x00007fffb74a0000 - 0x00007fffb74b2000 	C:\WINDOWS\System32\MSASN1.dll
0x00007fffb64f0000 - 0x00007fffb6521000 	C:\WINDOWS\SYSTEM32\ntmarta.dll

VM Arguments:
jvm_args: -Xmx1536m -Dfile.encoding=GBK -Duser.country=CN -Duser.language=zh -Duser.variant 
java_command: org.gradle.launcher.daemon.bootstrap.GradleDaemon 4.4
java_class_path (initial): C:\Users\windows10\.gradle\wrapper\dists\gradle-4.4-all\9br9xq1tocpiv8o6njlyu5op1\gradle-4.4\lib\gradle-launcher-4.4.jar
Launcher Type: SUN_STANDARD

Environment Variables:
JAVA_HOME=C:\Java\jdk-9.0.4
CLASSPATH=.;C:\Java\jdk-9.0.4\LIB;C:\Java\jdk-9.0.4\LIB\tools.jar
PATH=C:\Python27\;C:\Python27\Scripts;C:\ProgramData\Oracle\Java\javapath;C:\Windows\system32;C:\Windows;C:\Windows\System32\Wbem;C:\Windows\System32\WindowsPowerShell\v1.0\;C:\Program Files (x86)\NVIDIA Corporation\PhysX\Common;C:\Java\jdk-9.0.4\bin;C:\Java\jre\bin;D:\Android\android-sdk-windows\tools;D:\Android\android-sdk-windows\platform-tools;C:\Program Files\TortoiseSVN\bin;C:\WINDOWS\system32;C:\WINDOWS;C:\WINDOWS\System32\Wbem;C:\WINDOWS\System32\WindowsPowerShell\v1.0\;C:\WINDOWS\System32\OpenSSH\;C:\ProgramData\chocolatey\bin;C:\Program Files\nodejs\;C:\Users\windows10\AppData\Local\Microsoft\WindowsApps;C:\Users\windows10\AppData\Roaming\npm
USERNAME=windows10
OS=Windows_NT
PROCESSOR_IDENTIFIER=Intel64 Family 6 Model 62 Stepping 4, GenuineIntel



---------------  S Y S T E M  ---------------

OS: Windows 10.0 , 64 bit Build 17134 (10.0.17134.1)

CPU:total 20 (initial active 20) (10 cores per cpu, 2 threads per core) family 6 model 62 stepping 4, cmov, cx8, fxsr, mmx, sse, sse2, sse3, ssse3, sse4.1, sse4.2, popcnt, avx, aes, clmul, erms, ht, tsc, tscinvbit

Memory: 4k page, physical 16707000k(5344924k free), swap 24804916k(11896k free)

vm_info: OpenJDK 64-Bit Server VM (25.152-b01) for windows-amd64 JRE (1.8.0_152-release-915-b01), built by "builder" with MS VC++ 10.0 (VS2010)

time: Tue Dec 04 17:18:35 2018
elapsed time: 30309 seconds (0d 8h 25m 9s)

